0 verbose cli D:\15824\node.exe D:\15824\node_modules\npm\bin\npm-cli.js
1 info using npm@10.9.2
2 info using node@v22.15.0
3 silly config load:file:D:\15824\node_modules\npm\npmrc
4 silly config load:file:C:\Users\15824\IdeaProjects\goodsManagement\loh01\.npmrc
5 silly config load:file:C:\Users\15824\.npmrc
6 silly config load:file:D:\15824\etc\npmrc
7 verbose title npm i element-ui
8 verbose argv "i" "element-ui" "--save"
9 verbose logfile logs-max:10 dir:C:\Users\15824\IdeaProjects\goodsManagement\loh01\“D\15824\node_cache”\_logs\2025-09-15T08_10_40_222Z-
10 verbose logfile C:\Users\15824\IdeaProjects\goodsManagement\loh01\“D\15824\node_cache”\_logs\2025-09-15T08_10_40_222Z-debug-0.log
11 silly logfile done cleaning log files
12 silly packumentCache heap:4345298944 maxSize:1086324736 maxEntrySize:543162368
13 silly idealTree buildDeps
14 silly fetch manifest element-ui@*
15 silly packumentCache full:https://registry.npmmirror.com/element-ui cache-miss
16 http fetch GET 200 https://registry.npmmirror.com/element-ui 431ms (cache miss)
17 silly packumentCache full:https://registry.npmmirror.com/element-ui set size:88559 disposed:false
18 silly fetch manifest vue@^2.6.14
19 silly packumentCache full:https://registry.npmmirror.com/vue cache-miss
20 http cache https://registry.npmmirror.com/vue 14ms (cache hit)
21 silly packumentCache full:https://registry.npmmirror.com/vue set size:2006078 disposed:false
22 silly placeDep ROOT element-ui@2.15.14 OK for: loh01@0.1.0 want: *
23 silly fetch manifest async-validator@~1.8.1
24 silly packumentCache full:https://registry.npmmirror.com/async-validator cache-miss
25 silly fetch manifest babel-helper-vue-jsx-merge-props@^2.0.0
26 silly packumentCache full:https://registry.npmmirror.com/babel-helper-vue-jsx-merge-props cache-miss
27 silly fetch manifest normalize-wheel@^1.0.1
28 silly packumentCache full:https://registry.npmmirror.com/normalize-wheel cache-miss
29 silly fetch manifest resize-observer-polyfill@^1.5.0
30 silly packumentCache full:https://registry.npmmirror.com/resize-observer-polyfill cache-miss
31 silly fetch manifest throttle-debounce@^1.0.1
32 silly packumentCache full:https://registry.npmmirror.com/throttle-debounce cache-miss
33 http fetch GET 200 https://registry.npmmirror.com/async-validator 50ms (cache miss)
34 silly packumentCache full:https://registry.npmmirror.com/async-validator set size:33991 disposed:false
35 http fetch GET 200 https://registry.npmmirror.com/normalize-wheel 117ms (cache miss)
36 silly packumentCache full:https://registry.npmmirror.com/normalize-wheel set size:1477 disposed:false
37 http fetch GET 200 https://registry.npmmirror.com/babel-helper-vue-jsx-merge-props 119ms (cache miss)
38 silly packumentCache full:https://registry.npmmirror.com/babel-helper-vue-jsx-merge-props set size:2216 disposed:false
39 http fetch GET 200 https://registry.npmmirror.com/resize-observer-polyfill 125ms (cache miss)
40 silly packumentCache full:https://registry.npmmirror.com/resize-observer-polyfill set size:10174 disposed:false
41 http fetch GET 200 https://registry.npmmirror.com/throttle-debounce 144ms (cache miss)
42 silly packumentCache full:https://registry.npmmirror.com/throttle-debounce set size:15184 disposed:false
43 silly placeDep ROOT async-validator@1.8.5 OK for: element-ui@2.15.14 want: ~1.8.1
44 silly placeDep ROOT babel-helper-vue-jsx-merge-props@2.0.3 OK for: element-ui@2.15.14 want: ^2.0.0
45 silly placeDep ROOT normalize-wheel@1.0.1 OK for: element-ui@2.15.14 want: ^1.0.1
46 silly placeDep ROOT resize-observer-polyfill@1.5.1 OK for: element-ui@2.15.14 want: ^1.5.0
47 silly placeDep ROOT throttle-debounce@1.1.0 OK for: element-ui@2.15.14 want: ^1.0.1
48 silly fetch manifest babel-runtime@6.x
49 silly packumentCache full:https://registry.npmmirror.com/babel-runtime cache-miss
50 http fetch GET 200 https://registry.npmmirror.com/babel-runtime 52ms (cache miss)
51 silly packumentCache full:https://registry.npmmirror.com/babel-runtime set size:38330 disposed:false
52 silly placeDep ROOT babel-runtime@6.26.0 OK for: async-validator@1.8.5 want: 6.x
53 silly fetch manifest core-js@^2.4.0
54 silly packumentCache full:https://registry.npmmirror.com/core-js cache-miss
55 silly fetch manifest regenerator-runtime@^0.11.0
56 silly packumentCache full:https://registry.npmmirror.com/regenerator-runtime cache-miss
57 http cache https://registry.npmmirror.com/core-js 12ms (cache hit)
58 silly packumentCache full:https://registry.npmmirror.com/core-js set size:678764 disposed:false
59 http fetch GET 200 https://registry.npmmirror.com/regenerator-runtime 57ms (cache miss)
60 silly packumentCache full:https://registry.npmmirror.com/regenerator-runtime set size:10012 disposed:false
61 silly placeDep node_modules/babel-runtime core-js@2.6.12 OK for: babel-runtime@6.26.0 want: ^2.4.0
62 silly placeDep ROOT regenerator-runtime@0.11.1 OK for: babel-runtime@6.26.0 want: ^0.11.0
63 silly reify moves {}
64 silly audit bulk request {
64 silly audit   '@achrinza/node-ipc': [ '9.2.9' ],
64 silly audit   '@babel/code-frame': [ '7.27.1', '7.12.11' ],
64 silly audit   '@babel/compat-data': [ '7.28.4' ],
64 silly audit   '@babel/core': [ '7.28.4' ],
64 silly audit   '@babel/eslint-parser': [ '7.28.4' ],
64 silly audit   '@babel/generator': [ '7.28.3' ],
64 silly audit   '@babel/helper-annotate-as-pure': [ '7.27.3' ],
64 silly audit   '@babel/helper-compilation-targets': [ '7.27.2' ],
64 silly audit   '@babel/helper-create-class-features-plugin': [ '7.28.3' ],
64 silly audit   '@babel/helper-create-regexp-features-plugin': [ '7.27.1' ],
64 silly audit   '@babel/helper-define-polyfill-provider': [ '0.6.5' ],
64 silly audit   '@babel/helper-globals': [ '7.28.0' ],
64 silly audit   '@babel/helper-member-expression-to-functions': [ '7.27.1' ],
64 silly audit   '@babel/helper-module-imports': [ '7.27.1' ],
64 silly audit   '@babel/helper-module-transforms': [ '7.28.3' ],
64 silly audit   '@babel/helper-optimise-call-expression': [ '7.27.1' ],
64 silly audit   '@babel/helper-plugin-utils': [ '7.27.1' ],
64 silly audit   '@babel/helper-remap-async-to-generator': [ '7.27.1' ],
64 silly audit   '@babel/helper-replace-supers': [ '7.27.1' ],
64 silly audit   '@babel/helper-skip-transparent-expression-wrappers': [ '7.27.1' ],
64 silly audit   '@babel/helper-string-parser': [ '7.27.1' ],
64 silly audit   '@babel/helper-validator-identifier': [ '7.27.1' ],
64 silly audit   '@babel/helper-validator-option': [ '7.27.1' ],
64 silly audit   '@babel/helper-wrap-function': [ '7.28.3' ],
64 silly audit   '@babel/helpers': [ '7.28.4' ],
64 silly audit   '@babel/highlight': [ '7.25.9' ],
64 silly audit   'ansi-styles': [ '3.2.1', '4.3.0' ],
64 silly audit   chalk: [ '2.4.2', '4.1.2', '3.0.0' ],
64 silly audit   'color-convert': [ '1.9.3', '2.0.1' ],
64 silly audit   'color-name': [ '1.1.3', '1.1.4' ],
64 silly audit   'has-flag': [ '3.0.0', '4.0.0' ],
64 silly audit   'supports-color': [ '5.5.0', '8.1.1', '7.2.0' ],
64 silly audit   '@babel/parser': [ '7.28.4' ],
64 silly audit   '@babel/plugin-bugfix-firefox-class-in-computed-class-key': [ '7.27.1' ],
64 silly audit   '@babel/plugin-bugfix-safari-class-field-initializer-scope': [ '7.27.1' ],
64 silly audit   '@babel/plugin-bugfix-safari-id-destructuring-collision-in-function-expression': [ '7.27.1' ],
64 silly audit   '@babel/plugin-bugfix-v8-spread-parameters-in-optional-chaining': [ '7.27.1' ],
64 silly audit   '@babel/plugin-bugfix-v8-static-class-fields-redefine-readonly': [ '7.28.3' ],
64 silly audit   '@babel/plugin-proposal-class-properties': [ '7.18.6' ],
64 silly audit   '@babel/plugin-proposal-decorators': [ '7.28.0' ],
64 silly audit   '@babel/plugin-proposal-private-property-in-object': [ '7.21.0-placeholder-for-preset-env.2' ],
64 silly audit   '@babel/plugin-syntax-decorators': [ '7.27.1' ],
64 silly audit   '@babel/plugin-syntax-dynamic-import': [ '7.8.3' ],
64 silly audit   '@babel/plugin-syntax-import-assertions': [ '7.27.1' ],
64 silly audit   '@babel/plugin-syntax-import-attributes': [ '7.27.1' ],
64 silly audit   '@babel/plugin-syntax-jsx': [ '7.27.1' ],
64 silly audit   '@babel/plugin-syntax-unicode-sets-regex': [ '7.18.6' ],
64 silly audit   '@babel/plugin-transform-arrow-functions': [ '7.27.1' ],
64 silly audit   '@babel/plugin-transform-async-generator-functions': [ '7.28.0' ],
64 silly audit   '@babel/plugin-transform-async-to-generator': [ '7.27.1' ],
64 silly audit   '@babel/plugin-transform-block-scoped-functions': [ '7.27.1' ],
64 silly audit   '@babel/plugin-transform-block-scoping': [ '7.28.4' ],
64 silly audit   '@babel/plugin-transform-class-properties': [ '7.27.1' ],
64 silly audit   '@babel/plugin-transform-class-static-block': [ '7.28.3' ],
64 silly audit   '@babel/plugin-transform-classes': [ '7.28.4' ],
64 silly audit   '@babel/plugin-transform-computed-properties': [ '7.27.1' ],
64 silly audit   '@babel/plugin-transform-destructuring': [ '7.28.0' ],
64 silly audit   '@babel/plugin-transform-dotall-regex': [ '7.27.1' ],
64 silly audit   '@babel/plugin-transform-duplicate-keys': [ '7.27.1' ],
64 silly audit   '@babel/plugin-transform-duplicate-named-capturing-groups-regex': [ '7.27.1' ],
64 silly audit   '@babel/plugin-transform-dynamic-import': [ '7.27.1' ],
64 silly audit   '@babel/plugin-transform-explicit-resource-management': [ '7.28.0' ],
64 silly audit   '@babel/plugin-transform-exponentiation-operator': [ '7.27.1' ],
64 silly audit   '@babel/plugin-transform-export-namespace-from': [ '7.27.1' ],
64 silly audit   '@babel/plugin-transform-for-of': [ '7.27.1' ],
64 silly audit   '@babel/plugin-transform-function-name': [ '7.27.1' ],
64 silly audit   '@babel/plugin-transform-json-strings': [ '7.27.1' ],
64 silly audit   '@babel/plugin-transform-literals': [ '7.27.1' ],
64 silly audit   '@babel/plugin-transform-logical-assignment-operators': [ '7.27.1' ],
64 silly audit   '@babel/plugin-transform-member-expression-literals': [ '7.27.1' ],
64 silly audit   '@babel/plugin-transform-modules-amd': [ '7.27.1' ],
64 silly audit   '@babel/plugin-transform-modules-commonjs': [ '7.27.1' ],
64 silly audit   '@babel/plugin-transform-modules-systemjs': [ '7.27.1' ],
64 silly audit   '@babel/plugin-transform-modules-umd': [ '7.27.1' ],
64 silly audit   '@babel/plugin-transform-named-capturing-groups-regex': [ '7.27.1' ],
64 silly audit   '@babel/plugin-transform-new-target': [ '7.27.1' ],
64 silly audit   '@babel/plugin-transform-nullish-coalescing-operator': [ '7.27.1' ],
64 silly audit   '@babel/plugin-transform-numeric-separator': [ '7.27.1' ],
64 silly audit   '@babel/plugin-transform-object-rest-spread': [ '7.28.4' ],
64 silly audit   '@babel/plugin-transform-object-super': [ '7.27.1' ],
64 silly audit   '@babel/plugin-transform-optional-catch-binding': [ '7.27.1' ],
64 silly audit   '@babel/plugin-transform-optional-chaining': [ '7.27.1' ],
64 silly audit   '@babel/plugin-transform-parameters': [ '7.27.7' ],
64 silly audit   '@babel/plugin-transform-private-methods': [ '7.27.1' ],
64 silly audit   '@babel/plugin-transform-private-property-in-object': [ '7.27.1' ],
64 silly audit   '@babel/plugin-transform-property-literals': [ '7.27.1' ],
64 silly audit   '@babel/plugin-transform-regenerator': [ '7.28.4' ],
64 silly audit   '@babel/plugin-transform-regexp-modifiers': [ '7.27.1' ],
64 silly audit   '@babel/plugin-transform-reserved-words': [ '7.27.1' ],
64 silly audit   '@babel/plugin-transform-runtime': [ '7.28.3' ],
64 silly audit   '@babel/plugin-transform-shorthand-properties': [ '7.27.1' ],
64 silly audit   '@babel/plugin-transform-spread': [ '7.27.1' ],
64 silly audit   '@babel/plugin-transform-sticky-regex': [ '7.27.1' ],
64 silly audit   '@babel/plugin-transform-template-literals': [ '7.27.1' ],
64 silly audit   '@babel/plugin-transform-typeof-symbol': [ '7.27.1' ],
64 silly audit   '@babel/plugin-transform-unicode-escapes': [ '7.27.1' ],
64 silly audit   '@babel/plugin-transform-unicode-property-regex': [ '7.27.1' ],
64 silly audit   '@babel/plugin-transform-unicode-regex': [ '7.27.1' ],
64 silly audit   '@babel/plugin-transform-unicode-sets-regex': [ '7.27.1' ],
64 silly audit   '@babel/preset-env': [ '7.28.3' ],
64 silly audit   '@babel/preset-modules': [ '0.1.6-no-external-plugins' ],
64 silly audit   '@babel/runtime': [ '7.28.4' ],
64 silly audit   '@babel/template': [ '7.27.2' ],
64 silly audit   '@babel/traverse': [ '7.28.4' ],
64 silly audit   '@babel/types': [ '7.28.4' ],
64 silly audit   '@discoveryjs/json-ext': [ '0.5.7' ],
64 silly audit   '@eslint/eslintrc': [ '0.4.3' ],
64 silly audit   ignore: [ '4.0.6', '5.3.2' ],
64 silly audit   '@hapi/hoek': [ '9.3.0' ],
64 silly audit   '@hapi/topo': [ '5.1.0' ],
64 silly audit   '@humanwhocodes/config-array': [ '0.5.0' ],
64 silly audit   '@humanwhocodes/object-schema': [ '1.2.1' ],
64 silly audit   '@jridgewell/gen-mapping': [ '0.3.13' ],
64 silly audit   '@jridgewell/remapping': [ '2.3.5' ],
64 silly audit   '@jridgewell/resolve-uri': [ '3.1.2' ],
64 silly audit   '@jridgewell/source-map': [ '0.3.11' ],
64 silly audit   '@jridgewell/sourcemap-codec': [ '1.5.5' ],
64 silly audit   '@jridgewell/trace-mapping': [ '0.3.31' ],
64 silly audit   '@leichtgewicht/ip-codec': [ '2.0.5' ],
64 silly audit   '@nicolo-ribaudo/eslint-scope-5-internals': [ '5.1.1-v1' ],
64 silly audit   '@node-ipc/js-queue': [ '2.0.3' ],
64 silly audit   '@nodelib/fs.scandir': [ '2.1.5' ],
64 silly audit   '@nodelib/fs.stat': [ '2.0.5' ],
64 silly audit   '@nodelib/fs.walk': [ '1.2.8' ],
64 silly audit   '@polka/url': [ '1.0.0-next.29' ],
64 silly audit   '@sideway/address': [ '4.1.5' ],
64 silly audit   '@sideway/formula': [ '3.0.1' ],
64 silly audit   '@sideway/pinpoint': [ '2.0.0' ],
64 silly audit   '@soda/friendly-errors-webpack-plugin': [ '1.8.1' ],
64 silly audit   '@soda/get-current-script': [ '1.0.2' ],
64 silly audit   '@trysound/sax': [ '0.2.0' ],
64 silly audit   '@types/body-parser': [ '1.19.6' ],
64 silly audit   '@types/bonjour': [ '3.5.13' ],
64 silly audit   '@types/connect': [ '3.4.38' ],
64 silly audit   '@types/connect-history-api-fallback': [ '1.5.4' ],
64 silly audit   '@types/eslint': [ '8.56.12' ],
64 silly audit   '@types/eslint-scope': [ '3.7.7' ],
64 silly audit   '@types/estree': [ '1.0.8' ],
64 silly audit   '@types/express': [ '4.17.23' ],
64 silly audit   '@types/express-serve-static-core': [ '5.0.7', '4.19.6' ],
64 silly audit   '@types/html-minifier-terser': [ '6.1.0' ],
64 silly audit   '@types/http-errors': [ '2.0.5' ],
64 silly audit   '@types/http-proxy': [ '1.17.16' ],
64 silly audit   '@types/json-schema': [ '7.0.15' ],
64 silly audit   '@types/mime': [ '1.3.5' ],
64 silly audit   '@types/minimist': [ '1.2.5' ],
64 silly audit   '@types/node': [ '24.4.0' ],
64 silly audit   '@types/node-forge': [ '1.3.14' ],
64 silly audit   '@types/normalize-package-data': [ '2.4.4' ],
64 silly audit   '@types/parse-json': [ '4.0.2' ],
64 silly audit   '@types/qs': [ '6.14.0' ],
64 silly audit   '@types/range-parser': [ '1.2.7' ],
64 silly audit   '@types/retry': [ '0.12.0' ],
64 silly audit   '@types/send': [ '0.17.5' ],
64 silly audit   '@types/serve-index': [ '1.9.4' ],
64 silly audit   '@types/serve-static': [ '1.15.8' ],
64 silly audit   '@types/sockjs': [ '0.3.36' ],
64 silly audit   '@types/ws': [ '8.18.1' ],
64 silly audit   '@vue/babel-helper-vue-jsx-merge-props': [ '1.4.0' ],
64 silly audit   '@vue/babel-helper-vue-transform-on': [ '1.5.0' ],
64 silly audit   '@vue/babel-plugin-jsx': [ '1.5.0' ],
64 silly audit   '@vue/babel-plugin-resolve-type': [ '1.5.0' ],
64 silly audit   '@vue/babel-plugin-transform-vue-jsx': [ '1.4.0' ],
64 silly audit   '@vue/babel-preset-app': [ '5.0.9' ],
64 silly audit   semver: [ '7.7.2', '5.7.2', '6.3.1' ],
64 silly audit   '@vue/babel-preset-jsx': [ '1.4.0' ],
64 silly audit   '@vue/babel-sugar-composition-api-inject-h': [ '1.4.0' ],
64 silly audit   '@vue/babel-sugar-composition-api-render-instance': [ '1.4.0' ],
64 silly audit   '@vue/babel-sugar-functional-vue': [ '1.4.0' ],
64 silly audit   '@vue/babel-sugar-inject-h': [ '1.4.0' ],
64 silly audit   '@vue/babel-sugar-v-model': [ '1.4.0' ],
64 silly audit   '@vue/babel-sugar-v-on': [ '1.4.0' ],
64 silly audit   '@vue/cli-overlay': [ '5.0.9' ],
64 silly audit   '@vue/cli-plugin-babel': [ '5.0.9' ],
64 silly audit   '@vue/cli-plugin-eslint': [ '5.0.9' ],
64 silly audit   '@vue/cli-plugin-router': [ '5.0.9' ],
64 silly audit   '@vue/cli-plugin-vuex': [ '5.0.9' ],
64 silly audit   '@vue/cli-service': [ '5.0.9' ],
64 silly audit   '@vue/cli-shared-utils': [ '5.0.9' ],
64 silly audit   'lru-cache': [ '6.0.0', '4.1.5', '5.1.1' ],
64 silly audit   yallist: [ '4.0.0', '2.1.2', '3.1.1' ],
64 silly audit   '@vue/compiler-core': [ '3.5.21' ],
64 silly audit   '@vue/compiler-dom': [ '3.5.21' ],
64 silly audit   '@vue/compiler-sfc': [ '3.5.21', '2.7.16' ],
64 silly audit   '@vue/compiler-ssr': [ '3.5.21' ],
64 silly audit   '@vue/component-compiler-utils': [ '3.3.0' ],
64 silly audit   'hash-sum': [ '1.0.2', '2.0.0' ],
64 silly audit   picocolors: [ '0.2.1', '1.1.1' ],
64 silly audit   postcss: [ '7.0.39', '8.5.6' ],
64 silly audit   '@vue/shared': [ '3.5.21' ],
64 silly audit   'vue-loader': [ '15.11.1', '17.4.2' ],
64 silly audit   '@vue/web-component-wrapper': [ '1.3.0' ],
64 silly audit   '@webassemblyjs/ast': [ '1.14.1' ],
64 silly audit   '@webassemblyjs/floating-point-hex-parser': [ '1.13.2' ],
64 silly audit   '@webassemblyjs/helper-api-error': [ '1.13.2' ],
64 silly audit   '@webassemblyjs/helper-buffer': [ '1.14.1' ],
64 silly audit   '@webassemblyjs/helper-numbers': [ '1.13.2' ],
64 silly audit   '@webassemblyjs/helper-wasm-bytecode': [ '1.13.2' ],
64 silly audit   '@webassemblyjs/helper-wasm-section': [ '1.14.1' ],
64 silly audit   '@webassemblyjs/ieee754': [ '1.13.2' ],
64 silly audit   '@webassemblyjs/leb128': [ '1.13.2' ],
64 silly audit   '@webassemblyjs/utf8': [ '1.13.2' ],
64 silly audit   '@webassemblyjs/wasm-edit': [ '1.14.1' ],
64 silly audit   '@webassemblyjs/wasm-gen': [ '1.14.1' ],
64 silly audit   '@webassemblyjs/wasm-opt': [ '1.14.1' ],
64 silly audit   '@webassemblyjs/wasm-parser': [ '1.14.1' ],
64 silly audit   '@webassemblyjs/wast-printer': [ '1.14.1' ],
64 silly audit   '@xtuc/ieee754': [ '1.2.0' ],
64 silly audit   '@xtuc/long': [ '4.2.2' ],
64 silly audit   accepts: [ '1.3.8' ],
64 silly audit   negotiator: [ '0.6.3', '0.6.4' ],
64 silly audit   acorn: [ '8.15.0', '7.4.1' ],
64 silly audit   'acorn-import-phases': [ '1.0.4' ],
64 silly audit   'acorn-jsx': [ '5.3.2' ],
64 silly audit   'acorn-walk': [ '8.3.4' ],
64 silly audit   address: [ '1.2.2' ],
64 silly audit   ajv: [ '6.12.6', '8.17.1' ],
64 silly audit   'ajv-formats': [ '2.1.1' ],
64 silly audit   'json-schema-traverse': [ '1.0.0', '0.4.1' ],
64 silly audit   'ajv-keywords': [ '3.5.2', '5.1.0' ],
64 silly audit   'ansi-colors': [ '4.1.3' ],
64 silly audit   'ansi-escapes': [ '3.2.0' ],
64 silly audit   'ansi-html-community': [ '0.0.8' ],
64 silly audit   'ansi-regex': [ '5.0.1', '3.0.1' ],
64 silly audit   'any-promise': [ '1.3.0' ],
64 silly audit   anymatch: [ '3.1.3' ],
64 silly audit   arch: [ '2.2.0' ],
64 silly audit   argparse: [ '1.0.10' ],
64 silly audit   'array-flatten': [ '1.1.1' ],
64 silly audit   'array-union': [ '2.1.0' ],
64 silly audit   'astral-regex': [ '2.0.0' ],
64 silly audit   async: [ '3.2.6' ],
64 silly audit   'at-least-node': [ '1.0.0' ],
64 silly audit   autoprefixer: [ '10.4.21' ],
64 silly audit   'babel-loader': [ '8.4.1' ],
64 silly audit   'loader-utils': [ '2.0.4', '1.4.2' ],
64 silly audit   'babel-plugin-dynamic-import-node': [ '2.3.3' ],
64 silly audit   'babel-plugin-polyfill-corejs2': [ '0.4.14' ],
64 silly audit   'babel-plugin-polyfill-corejs3': [ '0.13.0' ],
64 silly audit   'babel-plugin-polyfill-regenerator': [ '0.6.5' ],
64 silly audit   'balanced-match': [ '1.0.2' ],
64 silly audit   'base64-js': [ '1.5.1' ],
64 silly audit   'baseline-browser-mapping': [ '2.8.3' ],
64 silly audit   batch: [ '0.6.1' ],
64 silly audit   'big.js': [ '5.2.2' ],
64 silly audit   'binary-extensions': [ '2.3.0' ],
64 silly audit   bl: [ '4.1.0' ],
64 silly audit   bluebird: [ '3.7.2' ],
64 silly audit   'body-parser': [ '1.20.3' ],
64 silly audit   debug: [ '2.6.9', '4.4.3' ],
64 silly audit   ms: [ '2.0.0', '2.1.3' ],
64 silly audit   'bonjour-service': [ '1.3.0' ],
64 silly audit   boolbase: [ '1.0.0' ],
64 silly audit   'brace-expansion': [ '1.1.12' ],
64 silly audit   braces: [ '3.0.3' ],
64 silly audit   browserslist: [ '4.26.0' ],
64 silly audit   buffer: [ '5.7.1' ],
64 silly audit   'buffer-from': [ '1.1.2' ],
64 silly audit   bytes: [ '3.1.2' ],
64 silly audit   'call-bind': [ '1.0.8' ],
64 silly audit   'call-bind-apply-helpers': [ '1.0.2' ],
64 silly audit   'call-bound': [ '1.0.4' ],
64 silly audit   callsites: [ '3.1.0' ],
64 silly audit   'camel-case': [ '4.1.2' ],
64 silly audit   camelcase: [ '5.3.1' ],
64 silly audit   'caniuse-api': [ '3.0.0' ],
64 silly audit   'caniuse-lite': [ '1.0.30001741' ],
64 silly audit   'case-sensitive-paths-webpack-plugin': [ '2.4.0' ],
64 silly audit   chokidar: [ '3.6.0' ],
64 silly audit   'glob-parent': [ '5.1.2', '6.0.2' ],
64 silly audit   'chrome-trace-event': [ '1.0.4' ],
64 silly audit   'ci-info': [ '1.6.0' ],
64 silly audit   'clean-css': [ '5.3.3' ],
64 silly audit   'cli-cursor': [ '3.1.0', '2.1.0' ],
64 silly audit   'cli-highlight': [ '2.1.11' ],
64 silly audit   'cli-spinners': [ '2.9.2' ],
64 silly audit   clipboardy: [ '2.3.0' ],
64 silly audit   cliui: [ '7.0.4' ],
64 silly audit   clone: [ '1.0.4' ],
64 silly audit   'clone-deep': [ '4.0.1' ],
64 silly audit   colord: [ '2.9.3' ],
64 silly audit   colorette: [ '2.0.20' ],
64 silly audit   commander: [ '8.3.0', '7.2.0', '2.20.3' ],
64 silly audit   commondir: [ '1.0.1' ],
64 silly audit   compressible: [ '2.0.18' ],
64 silly audit   compression: [ '1.8.1' ],
64 silly audit   'concat-map': [ '0.0.1' ],
64 silly audit   'connect-history-api-fallback': [ '2.0.0' ],
64 silly audit   consolidate: [ '0.15.1' ],
64 silly audit   'content-disposition': [ '0.5.4' ],
64 silly audit   'content-type': [ '1.0.5' ],
64 silly audit   'convert-source-map': [ '2.0.0' ],
64 silly audit   cookie: [ '0.7.1' ],
64 silly audit   'cookie-signature': [ '1.0.6' ],
64 silly audit   'copy-webpack-plugin': [ '9.1.0' ],
64 silly audit   'schema-utils': [ '3.3.0', '4.3.2', '2.7.1' ],
64 silly audit   'core-js': [ '3.45.1', '2.6.12' ],
64 silly audit   'core-js-compat': [ '3.45.1' ],
64 silly audit   'core-util-is': [ '1.0.3' ],
64 silly audit   cosmiconfig: [ '7.1.0' ],
64 silly audit   'cross-spawn': [ '6.0.6', '7.0.6', '5.1.0' ],
64 silly audit   'css-declaration-sorter': [ '6.4.1' ],
64 silly audit   'css-loader': [ '6.11.0' ],
64 silly audit   'css-minimizer-webpack-plugin': [ '3.4.1' ],
64 silly audit   'css-select': [ '4.3.0' ],
64 silly audit   'css-tree': [ '1.1.3' ],
64 silly audit   'css-what': [ '6.2.2' ],
64 silly audit   cssesc: [ '3.0.0' ],
64 silly audit   cssnano: [ '5.1.15' ],
64 silly audit   'cssnano-preset-default': [ '5.2.14' ],
64 silly audit   'cssnano-utils': [ '3.1.0' ],
64 silly audit   csso: [ '4.2.0' ],
64 silly audit   csstype: [ '3.1.3' ],
64 silly audit   'de-indent': [ '1.0.2' ],
64 silly audit   debounce: [ '1.2.1' ],
64 silly audit   'deep-is': [ '0.1.4' ],
64 silly audit   deepmerge: [ '1.5.2' ],
64 silly audit   'default-gateway': [ '6.0.3' ],
64 silly audit   execa: [ '5.1.1', '1.0.0', '0.8.0' ],
64 silly audit   'get-stream': [ '6.0.1', '4.1.0', '3.0.0' ],
64 silly audit   'is-stream': [ '2.0.1', '1.1.0' ],
64 silly audit   'npm-run-path': [ '4.0.1', '2.0.2' ],
64 silly audit   'path-key': [ '3.1.1', '2.0.1' ],
64 silly audit   'shebang-command': [ '2.0.0', '1.2.0' ],
64 silly audit   'shebang-regex': [ '3.0.0', '1.0.0' ],
64 silly audit   which: [ '2.0.2', '1.3.1' ],
64 silly audit   defaults: [ '1.0.4' ],
64 silly audit   'define-data-property': [ '1.1.4' ],
64 silly audit   'define-lazy-prop': [ '2.0.0' ],
64 silly audit   'define-properties': [ '1.2.1' ],
64 silly audit   depd: [ '2.0.0', '1.1.2' ],
64 silly audit   destroy: [ '1.2.0' ],
64 silly audit   'detect-node': [ '2.1.0' ],
64 silly audit   'dir-glob': [ '3.0.1' ],
64 silly audit   'dns-packet': [ '5.6.1' ],
64 silly audit   doctrine: [ '3.0.0' ],
64 silly audit   'dom-converter': [ '0.2.0' ],
64 silly audit   'dom-serializer': [ '1.4.1' ],
64 silly audit   entities: [ '2.2.0', '4.5.0' ],
64 silly audit   domelementtype: [ '2.3.0' ],
64 silly audit   domhandler: [ '4.3.1' ],
64 silly audit   domutils: [ '2.8.0' ],
64 silly audit   'dot-case': [ '3.0.4' ],
64 silly audit   dotenv: [ '10.0.0' ],
64 silly audit   'dotenv-expand': [ '5.1.0' ],
64 silly audit   'dunder-proto': [ '1.0.1' ],
64 silly audit   duplexer: [ '0.1.2' ],
64 silly audit   'easy-stack': [ '1.0.1' ],
64 silly audit   'ee-first': [ '1.1.1' ],
64 silly audit   'electron-to-chromium': [ '1.5.218' ],
64 silly audit   'emoji-regex': [ '8.0.0' ],
64 silly audit   'emojis-list': [ '3.0.0' ],
64 silly audit   encodeurl: [ '2.0.0', '1.0.2' ],
64 silly audit   'end-of-stream': [ '1.4.5' ],
64 silly audit   'enhanced-resolve': [ '5.18.3' ],
64 silly audit   enquirer: [ '2.4.1' ],
64 silly audit   'error-ex': [ '1.3.2' ],
64 silly audit   'error-stack-parser': [ '2.1.4' ],
64 silly audit   'es-define-property': [ '1.0.1' ],
64 silly audit   'es-errors': [ '1.3.0' ],
64 silly audit   'es-module-lexer': [ '1.7.0' ],
64 silly audit   'es-object-atoms': [ '1.1.1' ],
64 silly audit   escalade: [ '3.2.0' ],
64 silly audit   'escape-html': [ '1.0.3' ],
64 silly audit   'escape-string-regexp': [ '1.0.5', '4.0.0' ],
64 silly audit   eslint: [ '7.32.0' ],
64 silly audit   'eslint-plugin-vue': [ '8.7.1' ],
64 silly audit   'eslint-utils': [ '3.0.0', '2.1.0' ],
64 silly audit   'eslint-scope': [ '5.1.1', '7.2.2' ],
64 silly audit   'eslint-visitor-keys': [ '1.3.0', '2.1.0', '3.4.3' ],
64 silly audit   'eslint-webpack-plugin': [ '3.2.0' ],
64 silly audit   'jest-worker': [ '28.1.3', '27.5.1' ],
64 silly audit   espree: [ '7.3.1', '9.6.1' ],
64 silly audit   esprima: [ '4.0.1' ],
64 silly audit   esquery: [ '1.6.0' ],
64 silly audit   estraverse: [ '5.3.0', '4.3.0' ],
64 silly audit   esrecurse: [ '4.3.0' ],
64 silly audit   'estree-walker': [ '2.0.2' ],
64 silly audit   esutils: [ '2.0.3' ],
64 silly audit   etag: [ '1.8.1' ],
64 silly audit   'event-pubsub': [ '4.3.0' ],
64 silly audit   eventemitter3: [ '4.0.7' ],
64 silly audit   events: [ '3.3.0' ],
64 silly audit   express: [ '4.21.2' ],
64 silly audit   'fast-deep-equal': [ '3.1.3' ],
64 silly audit   'fast-glob': [ '3.3.3' ],
64 silly audit   'fast-json-stable-stringify': [ '2.1.0' ],
64 silly audit   'fast-levenshtein': [ '2.0.6' ],
64 silly audit   'fast-uri': [ '3.1.0' ],
64 silly audit   fastq: [ '1.19.1' ],
64 silly audit   'faye-websocket': [ '0.11.4' ],
64 silly audit   figures: [ '2.0.0' ],
64 silly audit   'file-entry-cache': [ '6.0.1' ],
64 silly audit   'fill-range': [ '7.1.1' ],
64 silly audit   finalhandler: [ '1.3.1' ],
64 silly audit   'find-cache-dir': [ '3.3.2' ],
64 silly audit   'find-up': [ '4.1.0' ],
64 silly audit   flat: [ '5.0.2' ],
64 silly audit   'flat-cache': [ '3.2.0' ],
64 silly audit   flatted: [ '3.3.3' ],
64 silly audit   'follow-redirects': [ '1.15.11' ],
64 silly audit   forwarded: [ '0.2.0' ],
64 silly audit   'fraction.js': [ '4.3.7' ],
64 silly audit   fresh: [ '0.5.2' ],
64 silly audit   'fs-extra': [ '9.1.0' ],
64 silly audit   'fs-monkey': [ '1.1.0' ],
64 silly audit   'fs.realpath': [ '1.0.0' ],
64 silly audit   fsevents: [ '2.3.3' ],
64 silly audit   'function-bind': [ '1.1.2' ],
64 silly audit   'functional-red-black-tree': [ '1.0.1' ],
64 silly audit   gensync: [ '1.0.0-beta.2' ],
64 silly audit   'get-caller-file': [ '2.0.5' ],
64 silly audit   'get-intrinsic': [ '1.3.0' ],
64 silly audit   'get-proto': [ '1.0.1' ],
64 silly audit   glob: [ '7.2.3' ],
64 silly audit   'glob-to-regexp': [ '0.4.1' ],
64 silly audit   globals: [ '13.24.0' ],
64 silly audit   'type-fest': [ '0.20.2', '0.8.1', '0.6.0' ],
64 silly audit   globby: [ '11.1.0' ],
64 silly audit   gopd: [ '1.2.0' ],
64 silly audit   'graceful-fs': [ '4.2.11' ],
64 silly audit   'gzip-size': [ '6.0.0' ],
64 silly audit   'handle-thing': [ '2.0.1' ],
64 silly audit   'has-property-descriptors': [ '1.0.2' ],
64 silly audit   'has-symbols': [ '1.1.0' ],
64 silly audit   hasown: [ '2.0.2' ],
64 silly audit   he: [ '1.2.0' ],
64 silly audit   'highlight.js': [ '10.7.3' ],
64 silly audit   'hosted-git-info': [ '2.8.9' ],
64 silly audit   'hpack.js': [ '2.1.6' ],
64 silly audit   'readable-stream': [ '2.3.8', '3.6.2' ],
64 silly audit   'safe-buffer': [ '5.1.2', '5.2.1' ],
64 silly audit   string_decoder: [ '1.1.1', '1.3.0' ],
64 silly audit   'html-entities': [ '2.6.0' ],
64 silly audit   'html-escaper': [ '2.0.2' ],
64 silly audit   'html-minifier-terser': [ '6.1.0' ],
64 silly audit   'html-tags': [ '2.0.0' ],
64 silly audit   'html-webpack-plugin': [ '5.6.4' ],
64 silly audit   htmlparser2: [ '6.1.0' ],
64 silly audit   'http-deceiver': [ '1.2.7' ],
64 silly audit   'http-errors': [ '2.0.0', '1.6.3' ],
64 silly audit   'http-parser-js': [ '0.5.10' ],
64 silly audit   'http-proxy': [ '1.18.1' ],
64 silly audit   'http-proxy-middleware': [ '2.0.9' ],
64 silly audit   'human-signals': [ '2.1.0' ],
64 silly audit   'iconv-lite': [ '0.4.24' ],
64 silly audit   'icss-utils': [ '5.1.0' ],
64 silly audit   ieee754: [ '1.2.1' ],
64 silly audit   'import-fresh': [ '3.3.1' ],
64 silly audit   imurmurhash: [ '0.1.4' ],
64 silly audit   inflight: [ '1.0.6' ],
64 silly audit   inherits: [ '2.0.4', '2.0.3' ],
64 silly audit   'ipaddr.js': [ '2.2.0', '1.9.1' ],
64 silly audit   'is-arrayish': [ '0.2.1' ],
64 silly audit   'is-binary-path': [ '2.1.0' ],
64 silly audit   'is-ci': [ '1.2.1' ],
64 silly audit   'is-core-module': [ '2.16.1' ],
64 silly audit   'is-docker': [ '2.2.1' ],
64 silly audit   'is-extglob': [ '2.1.1' ],
64 silly audit   'is-file-esm': [ '1.0.0' ],
64 silly audit   'is-fullwidth-code-point': [ '3.0.0', '2.0.0' ],
64 silly audit   'is-glob': [ '4.0.3' ],
64 silly audit   'is-interactive': [ '1.0.0' ],
64 silly audit   'is-number': [ '7.0.0' ],
64 silly audit   'is-plain-obj': [ '3.0.0' ],
64 silly audit   'is-plain-object': [ '2.0.4' ],
64 silly audit   'is-unicode-supported': [ '0.1.0' ],
64 silly audit   'is-wsl': [ '2.2.0' ],
64 silly audit   isarray: [ '1.0.0' ],
64 silly audit   isexe: [ '2.0.0' ],
64 silly audit   isobject: [ '3.0.1' ],
64 silly audit   'javascript-stringify': [ '2.1.0' ],
64 silly audit   joi: [ '17.13.3' ],
64 silly audit   'js-message': [ '1.0.7' ],
64 silly audit   'js-tokens': [ '4.0.0' ],
64 silly audit   'js-yaml': [ '3.14.1' ],
64 silly audit   jsesc: [ '3.1.0', '3.0.2' ],
64 silly audit   'json-buffer': [ '3.0.1' ],
64 silly audit   'json-parse-better-errors': [ '1.0.2' ],
64 silly audit   'json-parse-even-better-errors': [ '2.3.1' ],
64 silly audit   'json-stable-stringify-without-jsonify': [ '1.0.1' ],
64 silly audit   json5: [ '2.2.3', '1.0.2' ],
64 silly audit   jsonfile: [ '6.2.0' ],
64 silly audit   keyv: [ '4.5.4' ],
64 silly audit   'kind-of': [ '6.0.3' ],
64 silly audit   klona: [ '2.0.6' ],
64 silly audit   'launch-editor': [ '2.11.1' ],
64 silly audit   'launch-editor-middleware': [ '2.11.1' ],
64 silly audit   levn: [ '0.4.1' ],
64 silly audit   lilconfig: [ '2.1.0' ],
64 silly audit   'lines-and-columns': [ '1.2.4' ],
64 silly audit   'loader-runner': [ '4.3.0' ],
64 silly audit   'locate-path': [ '5.0.0' ],
64 silly audit   lodash: [ '4.17.21' ],
64 silly audit   'lodash.debounce': [ '4.0.8' ],
64 silly audit   'lodash.defaultsdeep': [ '4.6.1' ],
64 silly audit   'lodash.kebabcase': [ '4.1.1' ],
64 silly audit   'lodash.mapvalues': [ '4.6.0' ],
64 silly audit   'lodash.memoize': [ '4.1.2' ],
64 silly audit   'lodash.merge': [ '4.6.2' ],
64 silly audit   'lodash.truncate': [ '4.4.2' ],
64 silly audit   'lodash.uniq': [ '4.5.0' ],
64 silly audit   'log-symbols': [ '4.1.0' ],
64 silly audit   'log-update': [ '2.3.0' ],
64 silly audit   'mimic-fn': [ '1.2.0', '2.1.0' ],
64 silly audit   onetime: [ '2.0.1', '5.1.2' ],
64 silly audit   'restore-cursor': [ '2.0.0', '3.1.0' ],
64 silly audit   'string-width': [ '2.1.1', '4.2.3' ],
64 silly audit   'strip-ansi': [ '4.0.0', '6.0.1' ],
64 silly audit   'wrap-ansi': [ '3.0.1', '7.0.0' ],
64 silly audit   'lower-case': [ '2.0.2' ],
64 silly audit   'magic-string': [ '0.30.19' ],
64 silly audit   'make-dir': [ '3.1.0' ],
64 silly audit   'math-intrinsics': [ '1.1.0' ],
64 silly audit   'mdn-data': [ '2.0.14' ],
64 silly audit   'media-typer': [ '0.3.0' ],
64 silly audit   memfs: [ '3.5.3' ],
64 silly audit   'merge-descriptors': [ '1.0.3' ],
64 silly audit   'merge-source-map': [ '1.1.0' ],
64 silly audit   'merge-stream': [ '2.0.0' ],
64 silly audit   merge2: [ '1.4.1' ],
64 silly audit   methods: [ '1.1.2' ],
64 silly audit   micromatch: [ '4.0.8' ],
64 silly audit   mime: [ '1.6.0' ],
64 silly audit   'mime-db': [ '1.52.0' ],
64 silly audit   'mime-types': [ '2.1.35' ],
64 silly audit   'mini-css-extract-plugin': [ '2.9.4' ],
64 silly audit   'minimalistic-assert': [ '1.0.1' ],
64 silly audit   minimatch: [ '3.1.2' ],
64 silly audit   minimist: [ '1.2.8' ],
64 silly audit   minipass: [ '3.3.6' ],
64 silly audit   'module-alias': [ '2.2.3' ],
64 silly audit   mrmime: [ '2.0.1' ],
64 silly audit   'multicast-dns': [ '7.2.5' ],
64 silly audit   mz: [ '2.7.0' ],
64 silly audit   nanoid: [ '3.3.11' ],
64 silly audit   'natural-compare': [ '1.4.0' ],
64 silly audit   'neo-async': [ '2.6.2' ],
64 silly audit   'nice-try': [ '1.0.5' ],
64 silly audit   'no-case': [ '3.0.4' ],
64 silly audit   'node-fetch': [ '2.7.0' ],
64 silly audit   'node-forge': [ '1.3.1' ],
64 silly audit   'node-releases': [ '2.0.21' ],
64 silly audit   'normalize-package-data': [ '2.5.0' ],
64 silly audit   'normalize-path': [ '3.0.0', '1.0.0' ],
64 silly audit   'normalize-range': [ '0.1.2' ],
64 silly audit   'normalize-url': [ '6.1.0' ],
64 silly audit   'nth-check': [ '2.1.1' ],
64 silly audit   'object-assign': [ '4.1.1' ],
64 silly audit   'object-inspect': [ '1.13.4' ],
64 silly audit   'object-keys': [ '1.1.1' ],
64 silly audit   'object.assign': [ '4.1.7' ],
64 silly audit   obuf: [ '1.1.2' ],
64 silly audit   'on-finished': [ '2.4.1' ],
64 silly audit   'on-headers': [ '1.1.0' ],
64 silly audit   once: [ '1.4.0' ],
64 silly audit   open: [ '8.4.2' ],
64 silly audit   opener: [ '1.5.2' ],
64 silly audit   optionator: [ '0.9.4' ],
64 silly audit   ora: [ '5.4.1' ],
64 silly audit   'p-finally': [ '1.0.0' ],
64 silly audit   'p-limit': [ '2.3.0' ],
64 silly audit   'p-locate': [ '4.1.0' ],
64 silly audit   'p-retry': [ '4.6.2' ],
64 silly audit   'p-try': [ '2.2.0' ],
64 silly audit   'param-case': [ '3.0.4' ],
64 silly audit   'parent-module': [ '1.0.1' ],
64 silly audit   'parse-json': [ '5.2.0' ],
64 silly audit   parse5: [ '5.1.1', '6.0.1' ],
64 silly audit   'parse5-htmlparser2-tree-adapter': [ '6.0.1' ],
64 silly audit   parseurl: [ '1.3.3' ],
64 silly audit   'pascal-case': [ '3.1.2' ],
64 silly audit   'path-exists': [ '4.0.0' ],
64 silly audit   'path-is-absolute': [ '1.0.1' ],
64 silly audit   'path-parse': [ '1.0.7' ],
64 silly audit   'path-to-regexp': [ '0.1.12' ],
64 silly audit   'path-type': [ '4.0.0' ],
64 silly audit   picomatch: [ '2.3.1' ],
64 silly audit   'pkg-dir': [ '4.2.0' ],
64 silly audit   portfinder: [ '1.0.38' ],
64 silly audit   'postcss-calc': [ '8.2.4' ],
64 silly audit   'postcss-colormin': [ '5.3.1' ],
64 silly audit   'postcss-convert-values': [ '5.1.3' ],
64 silly audit   'postcss-discard-comments': [ '5.1.2' ],
64 silly audit   'postcss-discard-duplicates': [ '5.1.0' ],
64 silly audit   'postcss-discard-empty': [ '5.1.1' ],
64 silly audit   'postcss-discard-overridden': [ '5.1.0' ],
64 silly audit   'postcss-loader': [ '6.2.1' ],
64 silly audit   'postcss-merge-longhand': [ '5.1.7' ],
64 silly audit   'postcss-merge-rules': [ '5.1.4' ],
64 silly audit   'postcss-minify-font-values': [ '5.1.0' ],
64 silly audit   'postcss-minify-gradients': [ '5.1.1' ],
64 silly audit   'postcss-minify-params': [ '5.1.4' ],
64 silly audit   'postcss-minify-selectors': [ '5.2.1' ],
64 silly audit   'postcss-modules-extract-imports': [ '3.1.0' ],
64 silly audit   'postcss-modules-local-by-default': [ '4.2.0' ],
64 silly audit   'postcss-selector-parser': [ '7.1.0', '6.1.2' ],
64 silly audit   'postcss-modules-scope': [ '3.2.1' ],
64 silly audit   'postcss-modules-values': [ '4.0.0' ],
64 silly audit   'postcss-normalize-charset': [ '5.1.0' ],
64 silly audit   'postcss-normalize-display-values': [ '5.1.0' ],
64 silly audit   'postcss-normalize-positions': [ '5.1.1' ],
64 silly audit   'postcss-normalize-repeat-style': [ '5.1.1' ],
64 silly audit   'postcss-normalize-string': [ '5.1.0' ],
64 silly audit   'postcss-normalize-timing-functions': [ '5.1.0' ],
64 silly audit   'postcss-normalize-unicode': [ '5.1.1' ],
64 silly audit   'postcss-normalize-url': [ '5.1.0' ],
64 silly audit   'postcss-normalize-whitespace': [ '5.1.1' ],
64 silly audit   'postcss-ordered-values': [ '5.1.3' ],
64 silly audit   'postcss-reduce-initial': [ '5.1.2' ],
64 silly audit   'postcss-reduce-transforms': [ '5.1.0' ],
64 silly audit   'postcss-svgo': [ '5.1.0' ],
64 silly audit   'postcss-unique-selectors': [ '5.1.1' ],
64 silly audit   'postcss-value-parser': [ '4.2.0' ],
64 silly audit   'prelude-ls': [ '1.2.1' ],
64 silly audit   prettier: [ '2.8.8' ],
64 silly audit   'pretty-error': [ '4.0.0' ],
64 silly audit   'process-nextick-args': [ '2.0.1' ],
64 silly audit   progress: [ '2.0.3' ],
64 silly audit   'progress-webpack-plugin': [ '1.0.16' ],
64 silly audit   'proxy-addr': [ '2.0.7' ],
64 silly audit   pseudomap: [ '1.0.2' ],
64 silly audit   pump: [ '3.0.3' ],
64 silly audit   punycode: [ '2.3.1' ],
64 silly audit   qs: [ '6.13.0' ],
64 silly audit   'queue-microtask': [ '1.2.3' ],
64 silly audit   randombytes: [ '2.1.0' ],
64 silly audit   'range-parser': [ '1.2.1' ],
64 silly audit   'raw-body': [ '2.5.2' ],
64 silly audit   'read-pkg': [ '5.2.0' ],
64 silly audit   'read-pkg-up': [ '7.0.1' ],
64 silly audit   readdirp: [ '3.6.0' ],
64 silly audit   regenerate: [ '1.4.2' ],
64 silly audit   'regenerate-unicode-properties': [ '10.2.2' ],
64 silly audit   regexpp: [ '3.2.0' ],
64 silly audit   'regexpu-core': [ '6.3.1' ],
64 silly audit   regjsgen: [ '0.8.0' ],
64 silly audit   regjsparser: [ '0.12.0' ],
64 silly audit   relateurl: [ '0.2.7' ],
64 silly audit   renderkid: [ '3.0.0' ],
64 silly audit   'require-directory': [ '2.1.1' ],
64 silly audit   'require-from-string': [ '2.0.2' ],
64 silly audit   'requires-port': [ '1.0.0' ],
64 silly audit   resolve: [ '1.22.10' ],
64 silly audit   'resolve-from': [ '4.0.0' ],
64 silly audit   retry: [ '0.13.1' ],
64 silly audit   reusify: [ '1.1.0' ],
64 silly audit   rimraf: [ '3.0.2' ],
64 silly audit   'run-parallel': [ '1.2.0' ],
64 silly audit   'safer-buffer': [ '2.1.2' ],
64 silly audit   'select-hose': [ '2.0.0' ],
64 silly audit   selfsigned: [ '2.4.1' ],
64 silly audit   send: [ '0.19.0' ],
64 silly audit   'serialize-javascript': [ '6.0.2' ],
64 silly audit   'serve-index': [ '1.9.1' ],
64 silly audit   setprototypeof: [ '1.1.0', '1.2.0' ],
64 silly audit   statuses: [ '1.5.0', '2.0.1' ],
64 silly audit   'serve-static': [ '1.16.2' ],
64 silly audit   'set-function-length': [ '1.2.2' ],
64 silly audit   'shallow-clone': [ '3.0.1' ],
64 silly audit   'shell-quote': [ '1.8.3' ],
64 silly audit   'side-channel': [ '1.1.0' ],
64 silly audit   'side-channel-list': [ '1.0.0' ],
64 silly audit   'side-channel-map': [ '1.0.1' ],
64 silly audit   'side-channel-weakmap': [ '1.0.2' ],
64 silly audit   'signal-exit': [ '3.0.7' ],
64 silly audit   sirv: [ '2.0.4' ],
64 silly audit   slash: [ '3.0.0' ],
64 silly audit   'slice-ansi': [ '4.0.0' ],
64 silly audit   sockjs: [ '0.3.24' ],
64 silly audit   'source-map': [ '0.6.1' ],
64 silly audit   'source-map-js': [ '1.2.1' ],
64 silly audit   'source-map-support': [ '0.5.21' ],
64 silly audit   'spdx-correct': [ '3.2.0' ],
64 silly audit   'spdx-exceptions': [ '2.5.0' ],
64 silly audit   'spdx-expression-parse': [ '3.0.1' ],
64 silly audit   'spdx-license-ids': [ '3.0.22' ],
64 silly audit   spdy: [ '4.0.2' ],
64 silly audit   'spdy-transport': [ '3.0.0' ],
64 silly audit   'sprintf-js': [ '1.0.3' ],
64 silly audit   ssri: [ '8.0.1' ],
64 silly audit   stable: [ '0.1.8' ],
64 silly audit   stackframe: [ '1.3.4' ],
64 silly audit   'strip-eof': [ '1.0.0' ],
64 silly audit   'strip-final-newline': [ '2.0.0' ],
64 silly audit   'strip-indent': [ '2.0.0' ],
64 silly audit   'strip-json-comments': [ '3.1.1' ],
64 silly audit   stylehacks: [ '5.1.1' ],
64 silly audit   'supports-preserve-symlinks-flag': [ '1.0.0' ],
64 silly audit   'svg-tags': [ '1.0.0' ],
64 silly audit   svgo: [ '2.8.0' ],
64 silly audit   table: [ '6.9.0' ],
64 silly audit   tapable: [ '2.2.3' ],
64 silly audit   terser: [ '5.44.0' ],
64 silly audit   'terser-webpack-plugin': [ '5.3.14' ],
64 silly audit   'text-table': [ '0.2.0' ],
64 silly audit   thenify: [ '3.3.1' ],
64 silly audit   'thenify-all': [ '1.6.0' ],
64 silly audit   'thread-loader': [ '3.0.4' ],
64 silly audit   thunky: [ '1.1.0' ],
64 silly audit   'to-regex-range': [ '5.0.1' ],
64 silly audit   toidentifier: [ '1.0.1' ],
64 silly audit   totalist: [ '3.0.1' ],
64 silly audit   tr46: [ '0.0.3' ],
64 silly audit   tslib: [ '2.8.1' ],
64 silly audit   'type-check': [ '0.4.0' ],
64 silly audit   'type-is': [ '1.6.18' ],
64 silly audit   'undici-types': [ '7.11.0' ],
64 silly audit   'unicode-canonical-property-names-ecmascript': [ '2.0.1' ],
64 silly audit   'unicode-match-property-ecmascript': [ '2.0.0' ],
64 silly audit   'unicode-match-property-value-ecmascript': [ '2.2.1' ],
64 silly audit   'unicode-property-aliases-ecmascript': [ '2.2.0' ],
64 silly audit   universalify: [ '2.0.1' ],
64 silly audit   unpipe: [ '1.0.0' ],
64 silly audit   'update-browserslist-db': [ '1.1.3' ],
64 silly audit   'uri-js': [ '4.4.1' ],
64 silly audit   'util-deprecate': [ '1.0.2' ],
64 silly audit   utila: [ '0.4.0' ],
64 silly audit   'utils-merge': [ '1.0.1' ],
64 silly audit   uuid: [ '8.3.2' ],
64 silly audit   'v8-compile-cache': [ '2.4.0' ],
64 silly audit   'validate-npm-package-license': [ '3.0.4' ],
64 silly audit   vary: [ '1.1.2' ],
64 silly audit   vue: [ '2.7.16' ],
64 silly audit   'vue-eslint-parser': [ '8.3.0' ],
64 silly audit   'vue-hot-reload-api': [ '2.3.4' ],
64 silly audit   'vue-style-loader': [ '4.1.3' ],
64 silly audit   'vue-template-compiler': [ '2.7.16' ],
64 silly audit   'vue-template-es2015-compiler': [ '1.9.1' ],
64 silly audit   watchpack: [ '2.4.4' ],
64 silly audit   wbuf: [ '1.7.3' ],
64 silly audit   wcwidth: [ '1.0.1' ],
64 silly audit   'webidl-conversions': [ '3.0.1' ],
64 silly audit   webpack: [ '5.101.3' ],
64 silly audit   'webpack-bundle-analyzer': [ '4.10.2' ],
64 silly audit   'webpack-chain': [ '6.5.1' ],
64 silly audit   'webpack-dev-middleware': [ '5.3.4' ],
64 silly audit   'webpack-dev-server': [ '4.15.2' ],
64 silly audit   ws: [ '8.18.3', '7.5.10' ],
64 silly audit   'webpack-merge': [ '5.10.0' ],
64 silly audit   'webpack-sources': [ '3.3.3' ],
64 silly audit   'webpack-virtual-modules': [ '0.4.6' ],
64 silly audit   'websocket-driver': [ '0.7.4' ],
64 silly audit   'websocket-extensions': [ '0.1.4' ],
64 silly audit   'whatwg-fetch': [ '3.6.20' ],
64 silly audit   'whatwg-url': [ '5.0.0' ],
64 silly audit   wildcard: [ '2.0.1' ],
64 silly audit   'word-wrap': [ '1.2.5' ],
64 silly audit   wrappy: [ '1.0.2' ],
64 silly audit   y18n: [ '5.0.8' ],
64 silly audit   yaml: [ '1.10.2' ],
64 silly audit   yargs: [ '16.2.0' ],
64 silly audit   'yargs-parser': [ '20.2.9' ],
64 silly audit   yorkie: [ '2.0.0' ],
64 silly audit   'element-ui': [ '2.15.14' ],
64 silly audit   'async-validator': [ '1.8.5' ],
64 silly audit   'babel-helper-vue-jsx-merge-props': [ '2.0.3' ],
64 silly audit   'normalize-wheel': [ '1.0.1' ],
64 silly audit   'resize-observer-polyfill': [ '1.5.1' ],
64 silly audit   'throttle-debounce': [ '1.1.0' ],
64 silly audit   'babel-runtime': [ '6.26.0' ],
64 silly audit   'regenerator-runtime': [ '0.11.1' ]
64 silly audit }
65 verbose reify failed optional dependency C:\Users\15824\IdeaProjects\goodsManagement\loh01\node_modules\fsevents
66 silly reify mark deleted [
66 silly reify   'C:\\Users\\15824\\IdeaProjects\\goodsManagement\\loh01\\node_modules\\fsevents'
66 silly reify ]
67 http cache regenerator-runtime@https://registry.npmmirror.com/regenerator-runtime/-/regenerator-runtime-0.11.1.tgz 0ms (cache hit)
68 http cache babel-runtime@https://registry.npmmirror.com/babel-runtime/-/babel-runtime-6.26.0.tgz 1ms (cache hit)
69 http cache throttle-debounce@https://registry.npmmirror.com/throttle-debounce/-/throttle-debounce-1.1.0.tgz 0ms (cache hit)
70 http cache resize-observer-polyfill@https://registry.npmmirror.com/resize-observer-polyfill/-/resize-observer-polyfill-1.5.1.tgz 0ms (cache hit)
71 http cache babel-helper-vue-jsx-merge-props@https://registry.npmmirror.com/babel-helper-vue-jsx-merge-props/-/babel-helper-vue-jsx-merge-props-2.0.3.tgz 0ms (cache hit)
72 http cache normalize-wheel@https://registry.npmmirror.com/normalize-wheel/-/normalize-wheel-1.0.1.tgz 0ms (cache hit)
73 http cache async-validator@https://registry.npmmirror.com/async-validator/-/async-validator-1.8.5.tgz 0ms (cache hit)
74 silly tarball no local data for regenerator-runtime@https://registry.npmmirror.com/regenerator-runtime/-/regenerator-runtime-0.11.1.tgz. Extracting by manifest.
75 http cache element-ui@https://registry.npmmirror.com/element-ui/-/element-ui-2.15.14.tgz 0ms (cache hit)
76 silly tarball no local data for babel-runtime@https://registry.npmmirror.com/babel-runtime/-/babel-runtime-6.26.0.tgz. Extracting by manifest.
77 http cache core-js@https://registry.npmmirror.com/core-js/-/core-js-2.6.12.tgz 0ms (cache hit)
78 silly tarball no local data for throttle-debounce@https://registry.npmmirror.com/throttle-debounce/-/throttle-debounce-1.1.0.tgz. Extracting by manifest.
79 silly tarball no local data for resize-observer-polyfill@https://registry.npmmirror.com/resize-observer-polyfill/-/resize-observer-polyfill-1.5.1.tgz. Extracting by manifest.
80 silly tarball no local data for babel-helper-vue-jsx-merge-props@https://registry.npmmirror.com/babel-helper-vue-jsx-merge-props/-/babel-helper-vue-jsx-merge-props-2.0.3.tgz. Extracting by manifest.
81 silly tarball no local data for normalize-wheel@https://registry.npmmirror.com/normalize-wheel/-/normalize-wheel-1.0.1.tgz. Extracting by manifest.
82 silly tarball no local data for async-validator@https://registry.npmmirror.com/async-validator/-/async-validator-1.8.5.tgz. Extracting by manifest.
83 silly tarball no local data for element-ui@https://registry.npmmirror.com/element-ui/-/element-ui-2.15.14.tgz. Extracting by manifest.
84 silly tarball no local data for core-js@https://registry.npmmirror.com/core-js/-/core-js-2.6.12.tgz. Extracting by manifest.
85 http fetch POST 404 https://registry.npmmirror.com/-/npm/v1/security/advisories/bulk 177ms
86 silly audit bulk request failed [object Object]
87 http fetch POST 404 https://registry.npmmirror.com/-/npm/v1/security/audits/quick 29ms
88 verbose audit error HttpErrorGeneral: 404 Not Found - POST https://registry.npmmirror.com/-/npm/v1/security/audits/quick - [NOT_IMPLEMENTED] /-/npm/v1/security/* not implemented yet
88 verbose audit error     at D:\15824\node_modules\npm\node_modules\npm-registry-fetch\lib\check-response.js:103:15
88 verbose audit error     at process.processTicksAndRejections (node:internal/process/task_queues:105:5)
88 verbose audit error     at async [getReport] (D:\15824\node_modules\npm\node_modules\@npmcli\arborist\lib\audit-report.js:336:21)
88 verbose audit error     at async AuditReport.run (D:\15824\node_modules\npm\node_modules\@npmcli\arborist\lib\audit-report.js:106:19) {
88 verbose audit error   headers: [Object: null prototype] {
88 verbose audit error     server: [ 'Tengine' ],
88 verbose audit error     date: [ 'Mon, 15 Sep 2025 08:10:42 GMT' ],
88 verbose audit error     'content-type': [ 'application/json' ],
88 verbose audit error     'transfer-encoding': [ 'chunked' ],
88 verbose audit error     connection: [ 'keep-alive' ],
88 verbose audit error     'strict-transport-security': [ 'max-age=5184000' ],
88 verbose audit error     via: [ 'kunlun10.cn7036[,404666]' ],
88 verbose audit error     'timing-allow-origin': [ '*' ],
88 verbose audit error     eagleid: [ 'da620c9e17579238425624371e' ],
88 verbose audit error     'x-fetch-attempts': [ '1' ]
88 verbose audit error   },
88 verbose audit error   statusCode: 404,
88 verbose audit error   code: 'E404',
88 verbose audit error   method: 'POST',
88 verbose audit error   uri: 'https://registry.npmmirror.com/-/npm/v1/security/audits/quick',
88 verbose audit error   body: {
88 verbose audit error     error: '[NOT_IMPLEMENTED] /-/npm/v1/security/* not implemented yet'
88 verbose audit error   },
88 verbose audit error   pkgid: undefined
88 verbose audit error }
89 silly audit error [object Object]
90 silly audit report null
91 http fetch GET 200 https://cdn.npmmirror.com/packages/throttle-debounce/1.1.0/throttle-debounce-1.1.0.tgz 1189ms (cache miss)
92 http fetch GET 200 https://cdn.npmmirror.com/packages/babel-runtime/6.26.0/babel-runtime-6.26.0.tgz 1193ms (cache miss)
93 http fetch GET 200 https://cdn.npmmirror.com/packages/regenerator-runtime/0.11.1/regenerator-runtime-0.11.1.tgz 1199ms (cache miss)
94 http fetch GET 200 https://cdn.npmmirror.com/packages/normalize-wheel/1.0.1/normalize-wheel-1.0.1.tgz 1162ms (cache miss)
95 http fetch GET 200 https://cdn.npmmirror.com/packages/babel-helper-vue-jsx-merge-props/2.0.3/babel-helper-vue-jsx-merge-props-2.0.3.tgz 1165ms (cache miss)
96 http fetch GET 200 https://cdn.npmmirror.com/packages/resize-observer-polyfill/1.5.1/resize-observer-polyfill-1.5.1.tgz 1314ms (cache miss)
97 http fetch GET 200 https://cdn.npmmirror.com/packages/async-validator/1.8.5/async-validator-1.8.5.tgz 1247ms (cache miss)
98 http fetch GET 200 https://cdn.npmmirror.com/packages/element-ui/2.15.14/element-ui-2.15.14.tgz 5302ms (cache miss)
99 http fetch GET 200 https://cdn.npmmirror.com/packages/core-js/2.6.12/core-js-2.6.12.tgz 5547ms (cache miss)
100 warn deprecated core-js@2.6.12: core-js@<3.23.3 is no longer maintained and not recommended for usage due to the number of issues. Because of the V8 engine whims, feature detection in old core-js versions could cause a slowdown up to 100x even if nothing is polyfilled. Some versions have web compatibility issues. Please, upgrade your dependencies to the actual version of core-js.
101 info run core-js@2.6.12 postinstall node_modules/babel-runtime/node_modules/core-js node -e "try{require('./postinstall')}catch(e){}"
102 info run core-js@2.6.12 postinstall { code: 0, signal: null }
103 silly ADD node_modules/regenerator-runtime
104 silly ADD node_modules/babel-runtime
105 silly ADD node_modules/babel-runtime/node_modules/core-js
106 silly ADD node_modules/throttle-debounce
107 silly ADD node_modules/resize-observer-polyfill
108 silly ADD node_modules/normalize-wheel
109 silly ADD node_modules/babel-helper-vue-jsx-merge-props
110 silly ADD node_modules/async-validator
111 silly ADD node_modules/element-ui
112 silly ADD
113 verbose cwd C:\Users\15824\IdeaProjects\goodsManagement\loh01
114 verbose os Windows_NT 10.0.26100
115 verbose node v22.15.0
116 verbose npm  v10.9.2
117 verbose exit 0
118 info ok
